# JRE version: OpenJDK Runtime Environment (8.0_242-b01) (build 1.8.0_242-release-1644-b01)
# Java VM: OpenJDK 64-Bit Server VM (25.242-b01 mixed mode windows-amd64 compressed oops)
Heap:
 PSYoungGen      total 132096K, used 107008K [0x00000000d5580000, 0x00000000ddb80000, 0x0000000100000000)
  eden space 126976K, 84% used [0x00000000d5580000,0x00000000dbe00340,0x00000000dd180000)
  from space 5120K, 0% used [0x00000000dd180000,0x00000000dd180000,0x00000000dd680000)
  to   space 5120K, 0% used [0x00000000dd680000,0x00000000dd680000,0x00000000ddb80000)
 ParOldGen       total 93696K, used 16982K [0x0000000080000000, 0x0000000085b80000, 0x00000000d5580000)
  object space 93696K, 18% used [0x0000000080000000,0x0000000081095a38,0x0000000085b80000)
 Metaspace       used 44328K, capacity 45886K, committed 46000K, reserved 1089536K
  class space    used 5983K, capacity 6317K, committed 6320K, reserved 1048576K
GC Heap History (10 events):
Event: 3.388 GC heap before
{Heap before GC invocations=5 (full 0):
 PSYoungGen      total 132096K, used 20850K [0x00000000d5580000, 0x00000000ddb80000, 0x0000000100000000)
  eden space 126976K, 12% used [0x00000000d5580000,0x00000000d64df7d8,0x00000000dd180000)
  from space 5120K, 99% used [0x00000000dd680000,0x00000000ddb7d040,0x00000000ddb80000)
  to   space 5120K, 0% used [0x00000000dd180000,0x00000000dd180000,0x00000000dd680000)
 ParOldGen       total 84992K, used 10082K [0x0000000080000000, 0x0000000085300000, 0x00000000d5580000)
  object space 84992K, 11% used [0x0000000080000000,0x00000000809d8bd8,0x0000000085300000)
 Metaspace       used 20663K, capacity 21256K, committed 21296K, reserved 1067008K
  class space    used 2894K, capacity 3116K, committed 3120K, reserved 1048576K
Event: 3.395 GC heap after
Heap after GC invocations=5 (full 0):
 PSYoungGen      total 132096K, used 5108K [0x00000000d5580000, 0x00000000ddb80000, 0x0000000100000000)
  eden space 126976K, 0% used [0x00000000d5580000,0x00000000d5580000,0x00000000dd180000)
  from space 5120K, 99% used [0x00000000dd180000,0x00000000dd67d040,0x00000000dd680000)
  to   space 5120K, 0% used [0x00000000dd680000,0x00000000dd680000,0x00000000ddb80000)
 ParOldGen       total 84992K, used 11370K [0x0000000080000000, 0x0000000085300000, 0x00000000d5580000)
  object space 84992K, 13% used [0x0000000080000000,0x0000000080b1a898,0x0000000085300000)
 Metaspace       used 20663K, capacity 21256K, committed 21296K, reserved 1067008K
  class space    used 2894K, capacity 3116K, committed 3120K, reserved 1048576K
}
Event: 3.395 GC heap before
{Heap before GC invocations=6 (full 1):
 PSYoungGen      total 132096K, used 5108K [0x00000000d5580000, 0x00000000ddb80000, 0x0000000100000000)
  eden space 126976K, 0% used [0x00000000d5580000,0x00000000d5580000,0x00000000dd180000)
  from space 5120K, 99% used [0x00000000dd180000,0x00000000dd67d040,0x00000000dd680000)
  to   space 5120K, 0% used [0x00000000dd680000,0x00000000dd680000,0x00000000ddb80000)
 ParOldGen       total 84992K, used 11370K [0x0000000080000000, 0x0000000085300000, 0x00000000d5580000)
  object space 84992K, 13% used [0x0000000080000000,0x0000000080b1a898,0x0000000085300000)
 Metaspace       used 20663K, capacity 21256K, committed 21296K, reserved 1067008K
  class space    used 2894K, capacity 3116K, committed 3120K, reserved 1048576K
Event: 3.439 GC heap after
Heap after GC invocations=6 (full 1):
 PSYoungGen      total 132096K, used 0K [0x00000000d5580000, 0x00000000ddb80000, 0x0000000100000000)
  eden space 126976K, 0% used [0x00000000d5580000,0x00000000d5580000,0x00000000dd180000)
  from space 5120K, 0% used [0x00000000dd180000,0x00000000dd180000,0x00000000dd680000)
  to   space 5120K, 0% used [0x00000000dd680000,0x00000000dd680000,0x00000000ddb80000)
 ParOldGen       total 58880K, used 7736K [0x0000000080000000, 0x0000000083980000, 0x00000000d5580000)
  object space 58880K, 13% used [0x0000000080000000,0x000000008078e300,0x0000000083980000)
 Metaspace       used 20663K, capacity 21256K, committed 21296K, reserved 1067008K
  class space    used 2894K, capacity 3116K, committed 3120K, reserved 1048576K
}
Event: 4.881 GC heap before
{Heap before GC invocations=7 (full 1):
 PSYoungGen      total 132096K, used 126976K [0x00000000d5580000, 0x00000000ddb80000, 0x0000000100000000)
  eden space 126976K, 100% used [0x00000000d5580000,0x00000000dd180000,0x00000000dd180000)
  from space 5120K, 0% used [0x00000000dd180000,0x00000000dd180000,0x00000000dd680000)
  to   space 5120K, 0% used [0x00000000dd680000,0x00000000dd680000,0x00000000ddb80000)
 ParOldGen       total 58880K, used 7736K [0x0000000080000000, 0x0000000083980000, 0x00000000d5580000)
  object space 58880K, 13% used [0x0000000080000000,0x000000008078e300,0x0000000083980000)
 Metaspace       used 31915K, capacity 32684K, committed 32816K, reserved 1077248K
  class space    used 4342K, capacity 4574K, committed 4656K, reserved 1048576K
Event: 4.895 GC heap after
Heap after GC invocations=7 (full 1):
 PSYoungGen      total 132096K, used 5120K [0x00000000d5580000, 0x00000000ddb80000, 0x0000000100000000)
  eden space 126976K, 0% used [0x00000000d5580000,0x00000000d5580000,0x00000000dd180000)
  from space 5120K, 100% used [0x00000000dd680000,0x00000000ddb80000,0x00000000ddb80000)
  to   space 5120K, 0% used [0x00000000dd180000,0x00000000dd180000,0x00000000dd680000)
 ParOldGen       total 58880K, used 15721K [0x0000000080000000, 0x0000000083980000, 0x00000000d5580000)
  object space 58880K, 26% used [0x0000000080000000,0x0000000080f5a7f8,0x0000000083980000)
 Metaspace       used 31915K, capacity 32684K, committed 32816K, reserved 1077248K
  class space    used 4342K, capacity 4574K, committed 4656K, reserved 1048576K
}
Event: 5.427 GC heap before
{Heap before GC invocations=8 (full 1):
 PSYoungGen      total 132096K, used 59182K [0x00000000d5580000, 0x00000000ddb80000, 0x0000000100000000)
  eden space 126976K, 42% used [0x00000000d5580000,0x00000000d8a4b838,0x00000000dd180000)
  from space 5120K, 100% used [0x00000000dd680000,0x00000000ddb80000,0x00000000ddb80000)
  to   space 5120K, 0% used [0x00000000dd180000,0x00000000dd180000,0x00000000dd680000)
 ParOldGen       total 58880K, used 15721K [0x0000000080000000, 0x0000000083980000, 0x00000000d5580000)
  object space 58880K, 26% used [0x0000000080000000,0x0000000080f5a7f8,0x0000000083980000)
 Metaspace       used 34533K, capacity 35394K, committed 35496K, reserved 1079296K
  class space    used 4731K, capacity 4970K, committed 5040K, reserved 1048576K
Event: 5.441 GC heap after
Heap after GC invocations=8 (full 1):
 PSYoungGen      total 132096K, used 5120K [0x00000000d5580000, 0x00000000ddb80000, 0x0000000100000000)
  eden space 126976K, 0% used [0x00000000d5580000,0x00000000d5580000,0x00000000dd180000)
  from space 5120K, 100% used [0x00000000dd180000,0x00000000dd680000,0x00000000dd680000)
  to   space 5120K, 0% used [0x00000000dd680000,0x00000000dd680000,0x00000000ddb80000)
 ParOldGen       total 58880K, used 19109K [0x0000000080000000, 0x0000000083980000, 0x00000000d5580000)
  object space 58880K, 32% used [0x0000000080000000,0x00000000812a9608,0x0000000083980000)
 Metaspace       used 34533K, capacity 35394K, committed 35496K, reserved 1079296K
  class space    used 4731K, capacity 4970K, committed 5040K, reserved 1048576K
}
Event: 5.441 GC heap before
{Heap before GC invocations=9 (full 2):
 PSYoungGen      total 132096K, used 5120K [0x00000000d5580000, 0x00000000ddb80000, 0x0000000100000000)
  eden space 126976K, 0% used [0x00000000d5580000,0x00000000d5580000,0x00000000dd180000)
  from space 5120K, 100% used [0x00000000dd180000,0x00000000dd680000,0x00000000dd680000)
  to   space 5120K, 0% used [0x00000000dd680000,0x00000000dd680000,0x00000000ddb80000)
 ParOldGen       total 58880K, used 19109K [0x0000000080000000, 0x0000000083980000, 0x00000000d5580000)
  object space 58880K, 32% used [0x0000000080000000,0x00000000812a9608,0x0000000083980000)
 Metaspace       used 34533K, capacity 35394K, committed 35496K, reserved 1079296K
  class space    used 4731K, capacity 4970K, committed 5040K, reserved 1048576K
Event: 5.510 GC heap after
Heap after GC invocations=9 (full 2):
 PSYoungGen      total 132096K, used 0K [0x00000000d5580000, 0x00000000ddb80000, 0x0000000100000000)
  eden space 126976K, 0% used [0x00000000d5580000,0x00000000d5580000,0x00000000dd180000)
  from space 5120K, 0% used [0x00000000dd180000,0x00000000dd180000,0x00000000dd680000)
  to   space 5120K, 0% used [0x00000000dd680000,0x00000000dd680000,0x00000000ddb80000)
 ParOldGen       total 93696K, used 16982K [0x0000000080000000, 0x0000000085b80000, 0x00000000d5580000)
  object space 93696K, 18% used [0x0000000080000000,0x0000000081095a38,0x0000000085b80000)
 Metaspace       used 34533K, capacity 35394K, committed 35496K, reserved 1079296K
  class space    used 4731K, capacity 4970K, committed 5040K, reserved 1048576K
}

