# JRE version: OpenJDK Runtime Environment (8.0_242-b01) (build 1.8.0_242-release-1644-b01)
# Java VM: OpenJDK 64-Bit Server VM (25.242-b01 mixed mode windows-amd64 compressed oops)
Heap:
 PSYoungGen      total 138240K, used 79227K [0x00000000d5580000, 0x00000000de780000, 0x0000000100000000)
  eden space 126976K, 53% used [0x00000000d5580000,0x00000000d97e2700,0x00000000dd180000)
  from space 11264K, 99% used [0x00000000dd180000,0x00000000ddc7c500,0x00000000ddc80000)
  to   space 10240K, 0% used [0x00000000ddd80000,0x00000000ddd80000,0x00000000de780000)
 ParOldGen       total 83968K, used 21059K [0x0000000080000000, 0x0000000085200000, 0x00000000d5580000)
  object space 83968K, 25% used [0x0000000080000000,0x0000000081490e88,0x0000000085200000)
 Metaspace       used 50542K, capacity 52306K, committed 52528K, reserved 1095680K
  class space    used 6776K, capacity 7164K, committed 7216K, reserved 1048576K
GC Heap History (10 events):
Event: 3.578 GC heap before
{Heap before GC invocations=7 (full 1):
 PSYoungGen      total 137216K, used 5919K [0x00000000d5580000, 0x00000000de780000, 0x0000000100000000)
  eden space 126976K, 0% used [0x00000000d5580000,0x00000000d5580000,0x00000000dd180000)
  from space 10240K, 57% used [0x00000000ddd80000,0x00000000de347d98,0x00000000de780000)
  to   space 11264K, 0% used [0x00000000dd180000,0x00000000dd180000,0x00000000ddc80000)
 ParOldGen       total 84992K, used 9341K [0x0000000080000000, 0x0000000085300000, 0x00000000d5580000)
  object space 84992K, 10% used [0x0000000080000000,0x000000008091f720,0x0000000085300000)
 Metaspace       used 20660K, capacity 21252K, committed 21296K, reserved 1067008K
  class space    used 2894K, capacity 3116K, committed 3120K, reserved 1048576K
Event: 3.625 GC heap after
Heap after GC invocations=7 (full 1):
 PSYoungGen      total 137216K, used 0K [0x00000000d5580000, 0x00000000de780000, 0x0000000100000000)
  eden space 126976K, 0% used [0x00000000d5580000,0x00000000d5580000,0x00000000dd180000)
  from space 10240K, 0% used [0x00000000ddd80000,0x00000000ddd80000,0x00000000de780000)
  to   space 11264K, 0% used [0x00000000dd180000,0x00000000dd180000,0x00000000ddc80000)
 ParOldGen       total 55808K, used 7561K [0x0000000080000000, 0x0000000083680000, 0x00000000d5580000)
  object space 55808K, 13% used [0x0000000080000000,0x0000000080762590,0x0000000083680000)
 Metaspace       used 20660K, capacity 21252K, committed 21296K, reserved 1067008K
  class space    used 2894K, capacity 3116K, committed 3120K, reserved 1048576K
}
Event: 6.091 GC heap before
{Heap before GC invocations=8 (full 1):
 PSYoungGen      total 137216K, used 126976K [0x00000000d5580000, 0x00000000de780000, 0x0000000100000000)
  eden space 126976K, 100% used [0x00000000d5580000,0x00000000dd180000,0x00000000dd180000)
  from space 10240K, 0% used [0x00000000ddd80000,0x00000000ddd80000,0x00000000de780000)
  to   space 11264K, 0% used [0x00000000dd180000,0x00000000dd180000,0x00000000ddc80000)
 ParOldGen       total 55808K, used 7561K [0x0000000080000000, 0x0000000083680000, 0x00000000d5580000)
  object space 55808K, 13% used [0x0000000080000000,0x0000000080762590,0x0000000083680000)
 Metaspace       used 32000K, capacity 32812K, committed 33072K, reserved 1077248K
  class space    used 4354K, capacity 4574K, committed 4656K, reserved 1048576K
Event: 6.105 GC heap after
Heap after GC invocations=8 (full 1):
 PSYoungGen      total 138240K, used 11243K [0x00000000d5580000, 0x00000000de780000, 0x0000000100000000)
  eden space 126976K, 0% used [0x00000000d5580000,0x00000000d5580000,0x00000000dd180000)
  from space 11264K, 99% used [0x00000000dd180000,0x00000000ddc7ac58,0x00000000ddc80000)
  to   space 10240K, 0% used [0x00000000ddd80000,0x00000000ddd80000,0x00000000de780000)
 ParOldGen       total 55808K, used 9614K [0x0000000080000000, 0x0000000083680000, 0x00000000d5580000)
  object space 55808K, 17% used [0x0000000080000000,0x0000000080963a28,0x0000000083680000)
 Metaspace       used 32000K, capacity 32812K, committed 33072K, reserved 1077248K
  class space    used 4354K, capacity 4574K, committed 4656K, reserved 1048576K
}
Event: 6.861 GC heap before
{Heap before GC invocations=9 (full 1):
 PSYoungGen      total 138240K, used 63217K [0x00000000d5580000, 0x00000000de780000, 0x0000000100000000)
  eden space 126976K, 40% used [0x00000000d5580000,0x00000000d88419a0,0x00000000dd180000)
  from space 11264K, 99% used [0x00000000dd180000,0x00000000ddc7ac58,0x00000000ddc80000)
  to   space 10240K, 0% used [0x00000000ddd80000,0x00000000ddd80000,0x00000000de780000)
 ParOldGen       total 55808K, used 9614K [0x0000000080000000, 0x0000000083680000, 0x00000000d5580000)
  object space 55808K, 17% used [0x0000000080000000,0x0000000080963a28,0x0000000083680000)
 Metaspace       used 34535K, capacity 35394K, committed 35496K, reserved 1079296K
  class space    used 4731K, capacity 4970K, committed 5040K, reserved 1048576K
Event: 6.875 GC heap after
Heap after GC invocations=9 (full 1):
 PSYoungGen      total 137216K, used 9394K [0x00000000d5580000, 0x00000000de780000, 0x0000000100000000)
  eden space 126976K, 0% used [0x00000000d5580000,0x00000000d5580000,0x00000000dd180000)
  from space 10240K, 91% used [0x00000000ddd80000,0x00000000de6acb20,0x00000000de780000)
  to   space 11264K, 0% used [0x00000000dd180000,0x00000000dd180000,0x00000000ddc80000)
 ParOldGen       total 55808K, used 9622K [0x0000000080000000, 0x0000000083680000, 0x00000000d5580000)
  object space 55808K, 17% used [0x0000000080000000,0x0000000080965a28,0x0000000083680000)
 Metaspace       used 34535K, capacity 35394K, committed 35496K, reserved 1079296K
  class space    used 4731K, capacity 4970K, committed 5040K, reserved 1048576K
}
Event: 6.875 GC heap before
{Heap before GC invocations=10 (full 2):
 PSYoungGen      total 137216K, used 9394K [0x00000000d5580000, 0x00000000de780000, 0x0000000100000000)
  eden space 126976K, 0% used [0x00000000d5580000,0x00000000d5580000,0x00000000dd180000)
  from space 10240K, 91% used [0x00000000ddd80000,0x00000000de6acb20,0x00000000de780000)
  to   space 11264K, 0% used [0x00000000dd180000,0x00000000dd180000,0x00000000ddc80000)
 ParOldGen       total 55808K, used 9622K [0x0000000080000000, 0x0000000083680000, 0x00000000d5580000)
  object space 55808K, 17% used [0x0000000080000000,0x0000000080965a28,0x0000000083680000)
 Metaspace       used 34535K, capacity 35394K, committed 35496K, reserved 1079296K
  class space    used 4731K, capacity 4970K, committed 5040K, reserved 1048576K
Event: 6.951 GC heap after
Heap after GC invocations=10 (full 2):
 PSYoungGen      total 137216K, used 0K [0x00000000d5580000, 0x00000000de780000, 0x0000000100000000)
  eden space 126976K, 0% used [0x00000000d5580000,0x00000000d5580000,0x00000000dd180000)
  from space 10240K, 0% used [0x00000000ddd80000,0x00000000ddd80000,0x00000000de780000)
  to   space 11264K, 0% used [0x00000000dd180000,0x00000000dd180000,0x00000000ddc80000)
 ParOldGen       total 83968K, used 16013K [0x0000000080000000, 0x0000000085200000, 0x00000000d5580000)
  object space 83968K, 19% used [0x0000000080000000,0x0000000080fa3458,0x0000000085200000)
 Metaspace       used 34535K, capacity 35394K, committed 35496K, reserved 1079296K
  class space    used 4731K, capacity 4970K, committed 5040K, reserved 1048576K
}
Event: 14.818 GC heap before
{Heap before GC invocations=11 (full 2):
 PSYoungGen      total 137216K, used 126976K [0x00000000d5580000, 0x00000000de780000, 0x0000000100000000)
  eden space 126976K, 100% used [0x00000000d5580000,0x00000000dd180000,0x00000000dd180000)
  from space 10240K, 0% used [0x00000000ddd80000,0x00000000ddd80000,0x00000000de780000)
  to   space 11264K, 0% used [0x00000000dd180000,0x00000000dd180000,0x00000000ddc80000)
 ParOldGen       total 83968K, used 16013K [0x0000000080000000, 0x0000000085200000, 0x00000000d5580000)
  object space 83968K, 19% used [0x0000000080000000,0x0000000080fa3458,0x0000000085200000)
 Metaspace       used 45300K, capacity 46832K, committed 47024K, reserved 1089536K
  class space    used 6118K, capacity 6480K, committed 6576K, reserved 1048576K
Event: 14.835 GC heap after
Heap after GC invocations=11 (full 2):
 PSYoungGen      total 138240K, used 11249K [0x00000000d5580000, 0x00000000de780000, 0x0000000100000000)
  eden space 126976K, 0% used [0x00000000d5580000,0x00000000d5580000,0x00000000dd180000)
  from space 11264K, 99% used [0x00000000dd180000,0x00000000ddc7c500,0x00000000ddc80000)
  to   space 10240K, 0% used [0x00000000ddd80000,0x00000000ddd80000,0x00000000de780000)
 ParOldGen       total 83968K, used 21059K [0x0000000080000000, 0x0000000085200000, 0x00000000d5580000)
  object space 83968K, 25% used [0x0000000080000000,0x0000000081490e88,0x0000000085200000)
 Metaspace       used 45300K, capacity 46832K, committed 47024K, reserved 1089536K
  class space    used 6118K, capacity 6480K, committed 6576K, reserved 1048576K
}

