# JRE version: OpenJDK Runtime Environment (8.0_242-b01) (build 1.8.0_242-release-1644-b01)
# Java VM: OpenJDK 64-Bit Server VM (25.242-b01 mixed mode windows-amd64 compressed oops)
Heap:
 PSYoungGen      total 113152K, used 29644K [0x00000000d5580000, 0x00000000de200000, 0x0000000100000000)
  eden space 104960K, 28% used [0x00000000d5580000,0x00000000d72730b0,0x00000000dbc00000)
  from space 8192K, 0% used [0x00000000dda00000,0x00000000dda00000,0x00000000de200000)
  to   space 10752K, 0% used [0x00000000dcd00000,0x00000000dcd00000,0x00000000dd780000)
 ParOldGen       total 73728K, used 14125K [0x0000000080000000, 0x0000000084800000, 0x00000000d5580000)
  object space 73728K, 19% used [0x0000000080000000,0x0000000080dcb710,0x0000000084800000)
 Metaspace       used 35491K, capacity 36604K, committed 36656K, reserved 1081344K
  class space    used 4872K, capacity 5159K, committed 5168K, reserved 1048576K
GC Heap History (10 events):
Event: 3.411 GC heap before
{Heap before GC invocations=8 (full 1):
 PSYoungGen      total 73216K, used 4715K [0x00000000d5580000, 0x00000000de480000, 0x0000000100000000)
  eden space 62464K, 0% used [0x00000000d5580000,0x00000000d5580000,0x00000000d9280000)
  from space 10752K, 43% used [0x00000000d9280000,0x00000000d971ae08,0x00000000d9d00000)
  to   space 10752K, 0% used [0x00000000dda00000,0x00000000dda00000,0x00000000de480000)
 ParOldGen       total 84992K, used 8038K [0x0000000080000000, 0x0000000085300000, 0x00000000d5580000)
  object space 84992K, 9% used [0x0000000080000000,0x00000000807d9a60,0x0000000085300000)
 Metaspace       used 20668K, capacity 21252K, committed 21296K, reserved 1067008K
  class space    used 2895K, capacity 3116K, committed 3120K, reserved 1048576K
Event: 3.454 GC heap after
Heap after GC invocations=8 (full 1):
 PSYoungGen      total 73216K, used 0K [0x00000000d5580000, 0x00000000de480000, 0x0000000100000000)
  eden space 62464K, 0% used [0x00000000d5580000,0x00000000d5580000,0x00000000d9280000)
  from space 10752K, 0% used [0x00000000d9280000,0x00000000d9280000,0x00000000d9d00000)
  to   space 10752K, 0% used [0x00000000dda00000,0x00000000dda00000,0x00000000de480000)
 ParOldGen       total 52224K, used 7481K [0x0000000080000000, 0x0000000083300000, 0x00000000d5580000)
  object space 52224K, 14% used [0x0000000080000000,0x000000008074e428,0x0000000083300000)
 Metaspace       used 20668K, capacity 21252K, committed 21296K, reserved 1067008K
  class space    used 2895K, capacity 3116K, committed 3120K, reserved 1048576K
}
Event: 4.174 GC heap before
{Heap before GC invocations=9 (full 1):
 PSYoungGen      total 73216K, used 62464K [0x00000000d5580000, 0x00000000de480000, 0x0000000100000000)
  eden space 62464K, 100% used [0x00000000d5580000,0x00000000d9280000,0x00000000d9280000)
  from space 10752K, 0% used [0x00000000d9280000,0x00000000d9280000,0x00000000d9d00000)
  to   space 10752K, 0% used [0x00000000dda00000,0x00000000dda00000,0x00000000de480000)
 ParOldGen       total 52224K, used 7481K [0x0000000080000000, 0x0000000083300000, 0x00000000d5580000)
  object space 52224K, 14% used [0x0000000080000000,0x000000008074e428,0x0000000083300000)
 Metaspace       used 28180K, capacity 28844K, committed 28976K, reserved 1075200K
  class space    used 3884K, capacity 4127K, committed 4144K, reserved 1048576K
Event: 4.181 GC heap after
Heap after GC invocations=9 (full 1):
 PSYoungGen      total 113152K, used 7961K [0x00000000d5580000, 0x00000000de200000, 0x0000000100000000)
  eden space 104960K, 0% used [0x00000000d5580000,0x00000000d5580000,0x00000000dbc00000)
  from space 8192K, 97% used [0x00000000dda00000,0x00000000de1c6468,0x00000000de200000)
  to   space 10752K, 0% used [0x00000000dcd00000,0x00000000dcd00000,0x00000000dd780000)
 ParOldGen       total 52224K, used 7489K [0x0000000080000000, 0x0000000083300000, 0x00000000d5580000)
  object space 52224K, 14% used [0x0000000080000000,0x0000000080750428,0x0000000083300000)
 Metaspace       used 28180K, capacity 28844K, committed 28976K, reserved 1075200K
  class space    used 3884K, capacity 4127K, committed 4144K, reserved 1048576K
}
Event: 5.228 GC heap before
{Heap before GC invocations=10 (full 1):
 PSYoungGen      total 113152K, used 112921K [0x00000000d5580000, 0x00000000de200000, 0x0000000100000000)
  eden space 104960K, 100% used [0x00000000d5580000,0x00000000dbc00000,0x00000000dbc00000)
  from space 8192K, 97% used [0x00000000dda00000,0x00000000de1c6468,0x00000000de200000)
  to   space 10752K, 0% used [0x00000000dcd00000,0x00000000dcd00000,0x00000000dd780000)
 ParOldGen       total 52224K, used 7489K [0x0000000080000000, 0x0000000083300000, 0x00000000d5580000)
  object space 52224K, 14% used [0x0000000080000000,0x0000000080750428,0x0000000083300000)
 Metaspace       used 34085K, capacity 34944K, committed 35120K, reserved 1079296K
  class space    used 4673K, capacity 4893K, committed 4912K, reserved 1048576K
Event: 5.253 GC heap after
Heap after GC invocations=10 (full 1):
 PSYoungGen      total 115712K, used 10736K [0x00000000d5580000, 0x00000000de200000, 0x0000000100000000)
  eden space 104960K, 0% used [0x00000000d5580000,0x00000000d5580000,0x00000000dbc00000)
  from space 10752K, 99% used [0x00000000dcd00000,0x00000000dd77c078,0x00000000dd780000)
  to   space 8192K, 0% used [0x00000000dda00000,0x00000000dda00000,0x00000000de200000)
 ParOldGen       total 52224K, used 8184K [0x0000000080000000, 0x0000000083300000, 0x00000000d5580000)
  object space 52224K, 15% used [0x0000000080000000,0x00000000807fe138,0x0000000083300000)
 Metaspace       used 34085K, capacity 34944K, committed 35120K, reserved 1079296K
  class space    used 4673K, capacity 4893K, committed 4912K, reserved 1048576K
}
Event: 5.336 GC heap before
{Heap before GC invocations=11 (full 1):
 PSYoungGen      total 115712K, used 20866K [0x00000000d5580000, 0x00000000de200000, 0x0000000100000000)
  eden space 104960K, 9% used [0x00000000d5580000,0x00000000d5f64798,0x00000000dbc00000)
  from space 10752K, 99% used [0x00000000dcd00000,0x00000000dd77c078,0x00000000dd780000)
  to   space 8192K, 0% used [0x00000000dda00000,0x00000000dda00000,0x00000000de200000)
 ParOldGen       total 52224K, used 8184K [0x0000000080000000, 0x0000000083300000, 0x00000000d5580000)
  object space 52224K, 15% used [0x0000000080000000,0x00000000807fe138,0x0000000083300000)
 Metaspace       used 34515K, capacity 35390K, committed 35496K, reserved 1079296K
  class space    used 4731K, capacity 4970K, committed 5040K, reserved 1048576K
Event: 5.346 GC heap after
Heap after GC invocations=11 (full 1):
 PSYoungGen      total 113152K, used 4105K [0x00000000d5580000, 0x00000000de200000, 0x0000000100000000)
  eden space 104960K, 0% used [0x00000000d5580000,0x00000000d5580000,0x00000000dbc00000)
  from space 8192K, 50% used [0x00000000dda00000,0x00000000dde02428,0x00000000de200000)
  to   space 10752K, 0% used [0x00000000dcd00000,0x00000000dcd00000,0x00000000dd780000)
 ParOldGen       total 52224K, used 11411K [0x0000000080000000, 0x0000000083300000, 0x00000000d5580000)
  object space 52224K, 21% used [0x0000000080000000,0x0000000080b24ca8,0x0000000083300000)
 Metaspace       used 34515K, capacity 35390K, committed 35496K, reserved 1079296K
  class space    used 4731K, capacity 4970K, committed 5040K, reserved 1048576K
}
Event: 5.346 GC heap before
{Heap before GC invocations=12 (full 2):
 PSYoungGen      total 113152K, used 4105K [0x00000000d5580000, 0x00000000de200000, 0x0000000100000000)
  eden space 104960K, 0% used [0x00000000d5580000,0x00000000d5580000,0x00000000dbc00000)
  from space 8192K, 50% used [0x00000000dda00000,0x00000000dde02428,0x00000000de200000)
  to   space 10752K, 0% used [0x00000000dcd00000,0x00000000dcd00000,0x00000000dd780000)
 ParOldGen       total 52224K, used 11411K [0x0000000080000000, 0x0000000083300000, 0x00000000d5580000)
  object space 52224K, 21% used [0x0000000080000000,0x0000000080b24ca8,0x0000000083300000)
 Metaspace       used 34515K, capacity 35390K, committed 35496K, reserved 1079296K
  class space    used 4731K, capacity 4970K, committed 5040K, reserved 1048576K
Event: 5.412 GC heap after
Heap after GC invocations=12 (full 2):
 PSYoungGen      total 113152K, used 0K [0x00000000d5580000, 0x00000000de200000, 0x0000000100000000)
  eden space 104960K, 0% used [0x00000000d5580000,0x00000000d5580000,0x00000000dbc00000)
  from space 8192K, 0% used [0x00000000dda00000,0x00000000dda00000,0x00000000de200000)
  to   space 10752K, 0% used [0x00000000dcd00000,0x00000000dcd00000,0x00000000dd780000)
 ParOldGen       total 73728K, used 14125K [0x0000000080000000, 0x0000000084800000, 0x00000000d5580000)
  object space 73728K, 19% used [0x0000000080000000,0x0000000080dcb710,0x0000000084800000)
 Metaspace       used 34515K, capacity 35390K, committed 35496K, reserved 1079296K
  class space    used 4731K, capacity 4970K, committed 5040K, reserved 1048576K
}

