# JRE version: OpenJDK Runtime Environment (8.0_242-b01) (build 1.8.0_242-release-1644-b01)
# Java VM: OpenJDK 64-Bit Server VM (25.242-b01 mixed mode windows-amd64 compressed oops)
Heap:
 PSYoungGen      total 134144K, used 108853K [0x00000000d5580000, 0x00000000dfd80000, 0x0000000100000000)
  eden space 121344K, 89% used [0x00000000d5580000,0x00000000dbfcd6e0,0x00000000dcc00000)
  from space 12800K, 0% used [0x00000000df100000,0x00000000df100000,0x00000000dfd80000)
  to   space 11264K, 0% used [0x00000000dcc00000,0x00000000dcc00000,0x00000000dd700000)
 ParOldGen       total 78336K, used 14057K [0x0000000080000000, 0x0000000084c80000, 0x00000000d5580000)
  object space 78336K, 17% used [0x0000000080000000,0x0000000080dba798,0x0000000084c80000)
 Metaspace       used 44127K, capacity 45626K, committed 45744K, reserved 1089536K
  class space    used 5962K, capacity 6317K, committed 6320K, reserved 1048576K
GC Heap History (10 events):
Event: 3.711 GC heap before
{Heap before GC invocations=8 (full 1):
 PSYoungGen      total 73216K, used 4747K [0x00000000d5580000, 0x00000000de480000, 0x0000000100000000)
  eden space 62464K, 0% used [0x00000000d5580000,0x00000000d5580000,0x00000000d9280000)
  from space 10752K, 44% used [0x00000000d9280000,0x00000000d9722e08,0x00000000d9d00000)
  to   space 10752K, 0% used [0x00000000dda00000,0x00000000dda00000,0x00000000de480000)
 ParOldGen       total 84992K, used 8190K [0x0000000080000000, 0x0000000085300000, 0x00000000d5580000)
  object space 84992K, 9% used [0x0000000080000000,0x00000000807ff828,0x0000000085300000)
 Metaspace       used 20660K, capacity 21252K, committed 21296K, reserved 1067008K
  class space    used 2896K, capacity 3116K, committed 3120K, reserved 1048576K
Event: 3.756 GC heap after
Heap after GC invocations=8 (full 1):
 PSYoungGen      total 73216K, used 0K [0x00000000d5580000, 0x00000000de480000, 0x0000000100000000)
  eden space 62464K, 0% used [0x00000000d5580000,0x00000000d5580000,0x00000000d9280000)
  from space 10752K, 0% used [0x00000000d9280000,0x00000000d9280000,0x00000000d9d00000)
  to   space 10752K, 0% used [0x00000000dda00000,0x00000000dda00000,0x00000000de480000)
 ParOldGen       total 52736K, used 7467K [0x0000000080000000, 0x0000000083380000, 0x00000000d5580000)
  object space 52736K, 14% used [0x0000000080000000,0x000000008074ae20,0x0000000083380000)
 Metaspace       used 20660K, capacity 21252K, committed 21296K, reserved 1067008K
  class space    used 2896K, capacity 3116K, committed 3120K, reserved 1048576K
}
Event: 4.569 GC heap before
{Heap before GC invocations=9 (full 1):
 PSYoungGen      total 73216K, used 62464K [0x00000000d5580000, 0x00000000de480000, 0x0000000100000000)
  eden space 62464K, 100% used [0x00000000d5580000,0x00000000d9280000,0x00000000d9280000)
  from space 10752K, 0% used [0x00000000d9280000,0x00000000d9280000,0x00000000d9d00000)
  to   space 10752K, 0% used [0x00000000dda00000,0x00000000dda00000,0x00000000de480000)
 ParOldGen       total 52736K, used 7467K [0x0000000080000000, 0x0000000083380000, 0x00000000d5580000)
  object space 52736K, 14% used [0x0000000080000000,0x000000008074ae20,0x0000000083380000)
 Metaspace       used 28183K, capacity 28844K, committed 28976K, reserved 1075200K
  class space    used 3885K, capacity 4127K, committed 4144K, reserved 1048576K
Event: 4.580 GC heap after
Heap after GC invocations=9 (full 1):
 PSYoungGen      total 113152K, used 8077K [0x00000000d5580000, 0x00000000de200000, 0x0000000100000000)
  eden space 104960K, 0% used [0x00000000d5580000,0x00000000d5580000,0x00000000dbc00000)
  from space 8192K, 98% used [0x00000000dda00000,0x00000000de1e3730,0x00000000de200000)
  to   space 11264K, 0% used [0x00000000dcc00000,0x00000000dcc00000,0x00000000dd700000)
 ParOldGen       total 52736K, used 7475K [0x0000000080000000, 0x0000000083380000, 0x00000000d5580000)
  object space 52736K, 14% used [0x0000000080000000,0x000000008074ce20,0x0000000083380000)
 Metaspace       used 28183K, capacity 28844K, committed 28976K, reserved 1075200K
  class space    used 3885K, capacity 4127K, committed 4144K, reserved 1048576K
}
Event: 5.784 GC heap before
{Heap before GC invocations=10 (full 1):
 PSYoungGen      total 113152K, used 113037K [0x00000000d5580000, 0x00000000de200000, 0x0000000100000000)
  eden space 104960K, 100% used [0x00000000d5580000,0x00000000dbc00000,0x00000000dbc00000)
  from space 8192K, 98% used [0x00000000dda00000,0x00000000de1e3730,0x00000000de200000)
  to   space 11264K, 0% used [0x00000000dcc00000,0x00000000dcc00000,0x00000000dd700000)
 ParOldGen       total 52736K, used 7475K [0x0000000080000000, 0x0000000083380000, 0x00000000d5580000)
  object space 52736K, 14% used [0x0000000080000000,0x000000008074ce20,0x0000000083380000)
 Metaspace       used 34080K, capacity 34938K, committed 35120K, reserved 1079296K
  class space    used 4667K, capacity 4892K, committed 4912K, reserved 1048576K
Event: 5.804 GC heap after
Heap after GC invocations=10 (full 1):
 PSYoungGen      total 132608K, used 11239K [0x00000000d5580000, 0x00000000dfd80000, 0x0000000100000000)
  eden space 121344K, 0% used [0x00000000d5580000,0x00000000d5580000,0x00000000dcc00000)
  from space 11264K, 99% used [0x00000000dcc00000,0x00000000dd6f9d20,0x00000000dd700000)
  to   space 12800K, 0% used [0x00000000df100000,0x00000000df100000,0x00000000dfd80000)
 ParOldGen       total 52736K, used 7645K [0x0000000080000000, 0x0000000083380000, 0x00000000d5580000)
  object space 52736K, 14% used [0x0000000080000000,0x00000000807776a0,0x0000000083380000)
 Metaspace       used 34080K, capacity 34938K, committed 35120K, reserved 1079296K
  class space    used 4667K, capacity 4892K, committed 4912K, reserved 1048576K
}
Event: 5.867 GC heap before
{Heap before GC invocations=11 (full 1):
 PSYoungGen      total 132608K, used 20388K [0x00000000d5580000, 0x00000000dfd80000, 0x0000000100000000)
  eden space 121344K, 7% used [0x00000000d5580000,0x00000000d5e6f360,0x00000000dcc00000)
  from space 11264K, 99% used [0x00000000dcc00000,0x00000000dd6f9d20,0x00000000dd700000)
  to   space 12800K, 0% used [0x00000000df100000,0x00000000df100000,0x00000000dfd80000)
 ParOldGen       total 52736K, used 7645K [0x0000000080000000, 0x0000000083380000, 0x00000000d5580000)
  object space 52736K, 14% used [0x0000000080000000,0x00000000807776a0,0x0000000083380000)
 Metaspace       used 34455K, capacity 35334K, committed 35496K, reserved 1079296K
  class space    used 4717K, capacity 4934K, committed 5040K, reserved 1048576K
Event: 5.883 GC heap after
Heap after GC invocations=11 (full 1):
 PSYoungGen      total 134144K, used 4017K [0x00000000d5580000, 0x00000000dfd80000, 0x0000000100000000)
  eden space 121344K, 0% used [0x00000000d5580000,0x00000000d5580000,0x00000000dcc00000)
  from space 12800K, 31% used [0x00000000df100000,0x00000000df4ec750,0x00000000dfd80000)
  to   space 11264K, 0% used [0x00000000dcc00000,0x00000000dcc00000,0x00000000dd700000)
 ParOldGen       total 52736K, used 10865K [0x0000000080000000, 0x0000000083380000, 0x00000000d5580000)
  object space 52736K, 20% used [0x0000000080000000,0x0000000080a9c6b8,0x0000000083380000)
 Metaspace       used 34455K, capacity 35334K, committed 35496K, reserved 1079296K
  class space    used 4717K, capacity 4934K, committed 5040K, reserved 1048576K
}
Event: 5.883 GC heap before
{Heap before GC invocations=12 (full 2):
 PSYoungGen      total 134144K, used 4017K [0x00000000d5580000, 0x00000000dfd80000, 0x0000000100000000)
  eden space 121344K, 0% used [0x00000000d5580000,0x00000000d5580000,0x00000000dcc00000)
  from space 12800K, 31% used [0x00000000df100000,0x00000000df4ec750,0x00000000dfd80000)
  to   space 11264K, 0% used [0x00000000dcc00000,0x00000000dcc00000,0x00000000dd700000)
 ParOldGen       total 52736K, used 10865K [0x0000000080000000, 0x0000000083380000, 0x00000000d5580000)
  object space 52736K, 20% used [0x0000000080000000,0x0000000080a9c6b8,0x0000000083380000)
 Metaspace       used 34455K, capacity 35334K, committed 35496K, reserved 1079296K
  class space    used 4717K, capacity 4934K, committed 5040K, reserved 1048576K
Event: 6.101 GC heap after
Heap after GC invocations=12 (full 2):
 PSYoungGen      total 134144K, used 0K [0x00000000d5580000, 0x00000000dfd80000, 0x0000000100000000)
  eden space 121344K, 0% used [0x00000000d5580000,0x00000000d5580000,0x00000000dcc00000)
  from space 12800K, 0% used [0x00000000df100000,0x00000000df100000,0x00000000dfd80000)
  to   space 11264K, 0% used [0x00000000dcc00000,0x00000000dcc00000,0x00000000dd700000)
 ParOldGen       total 78336K, used 14057K [0x0000000080000000, 0x0000000084c80000, 0x00000000d5580000)
  object space 78336K, 17% used [0x0000000080000000,0x0000000080dba798,0x0000000084c80000)
 Metaspace       used 34455K, capacity 35334K, committed 35496K, reserved 1079296K
  class space    used 4717K, capacity 4934K, committed 5040K, reserved 1048576K
}

