# JRE version: OpenJDK Runtime Environment (8.0_242-b01) (build 1.8.0_242-release-1644-b01)
# Java VM: OpenJDK 64-Bit Server VM (25.242-b01 mixed mode windows-amd64 compressed oops)
Heap:
 PSYoungGen      total 71680K, used 62179K [0x00000000d5580000, 0x00000000da980000, 0x0000000100000000)
  eden space 61952K, 87% used [0x00000000d5580000,0x00000000d8aafe70,0x00000000d9200000)
  from space 9728K, 79% used [0x00000000d9d00000,0x00000000da489028,0x00000000da680000)
  to   space 11264K, 0% used [0x00000000d9200000,0x00000000d9200000,0x00000000d9d00000)
 ParOldGen       total 56320K, used 8066K [0x0000000080000000, 0x0000000083700000, 0x00000000d5580000)
  object space 56320K, 14% used [0x0000000080000000,0x00000000807e0b38,0x0000000083700000)
 Metaspace       used 31657K, capacity 32500K, committed 32816K, reserved 1077248K
  class space    used 4289K, capacity 4533K, committed 4656K, reserved 1048576K
GC Heap History (10 events):
Event: 5.864 GC heap before
{Heap before GC invocations=5 (full 0):
 PSYoungGen      total 36864K, used 36842K [0x00000000d5580000, 0x00000000d7e80000, 0x0000000100000000)
  eden space 31744K, 100% used [0x00000000d5580000,0x00000000d7480000,0x00000000d7480000)
  from space 5120K, 99% used [0x00000000d7980000,0x00000000d7e7a910,0x00000000d7e80000)
  to   space 5120K, 0% used [0x00000000d7480000,0x00000000d7480000,0x00000000d7980000)
 ParOldGen       total 84992K, used 3147K [0x0000000080000000, 0x0000000085300000, 0x00000000d5580000)
  object space 84992K, 3% used [0x0000000080000000,0x0000000080312ee0,0x0000000085300000)
 Metaspace       used 17188K, capacity 17692K, committed 17920K, reserved 1064960K
  class space    used 2348K, capacity 2526K, committed 2560K, reserved 1048576K
Event: 5.885 GC heap after
Heap after GC invocations=5 (full 0):
 PSYoungGen      total 36864K, used 5088K [0x00000000d5580000, 0x00000000da680000, 0x0000000100000000)
  eden space 31744K, 0% used [0x00000000d5580000,0x00000000d5580000,0x00000000d7480000)
  from space 5120K, 99% used [0x00000000d7480000,0x00000000d7978040,0x00000000d7980000)
  to   space 9728K, 0% used [0x00000000d9d00000,0x00000000d9d00000,0x00000000da680000)
 ParOldGen       total 84992K, used 6092K [0x0000000080000000, 0x0000000085300000, 0x00000000d5580000)
  object space 84992K, 7% used [0x0000000080000000,0x00000000805f3050,0x0000000085300000)
 Metaspace       used 17188K, capacity 17692K, committed 17920K, reserved 1064960K
  class space    used 2348K, capacity 2526K, committed 2560K, reserved 1048576K
}
Event: 6.657 GC heap before
{Heap before GC invocations=6 (full 0):
 PSYoungGen      total 36864K, used 36832K [0x00000000d5580000, 0x00000000da680000, 0x0000000100000000)
  eden space 31744K, 100% used [0x00000000d5580000,0x00000000d7480000,0x00000000d7480000)
  from space 5120K, 99% used [0x00000000d7480000,0x00000000d7978040,0x00000000d7980000)
  to   space 9728K, 0% used [0x00000000d9d00000,0x00000000d9d00000,0x00000000da680000)
 ParOldGen       total 84992K, used 6092K [0x0000000080000000, 0x0000000085300000, 0x00000000d5580000)
  object space 84992K, 7% used [0x0000000080000000,0x00000000805f3050,0x0000000085300000)
 Metaspace       used 19971K, capacity 20526K, committed 20736K, reserved 1067008K
  class space    used 2791K, capacity 2969K, committed 3072K, reserved 1048576K
Event: 6.674 GC heap after
Heap after GC invocations=6 (full 0):
 PSYoungGen      total 71680K, used 9158K [0x00000000d5580000, 0x00000000da980000, 0x0000000100000000)
  eden space 61952K, 0% used [0x00000000d5580000,0x00000000d5580000,0x00000000d9200000)
  from space 9728K, 94% used [0x00000000d9d00000,0x00000000da5f1870,0x00000000da680000)
  to   space 11264K, 0% used [0x00000000d9200000,0x00000000d9200000,0x00000000d9d00000)
 ParOldGen       total 84992K, used 6100K [0x0000000080000000, 0x0000000085300000, 0x00000000d5580000)
  object space 84992K, 7% used [0x0000000080000000,0x00000000805f5050,0x0000000085300000)
 Metaspace       used 19971K, capacity 20526K, committed 20736K, reserved 1067008K
  class space    used 2791K, capacity 2969K, committed 3072K, reserved 1048576K
}
Event: 7.450 GC heap before
{Heap before GC invocations=7 (full 0):
 PSYoungGen      total 71680K, used 19338K [0x00000000d5580000, 0x00000000da980000, 0x0000000100000000)
  eden space 61952K, 16% used [0x00000000d5580000,0x00000000d5f71030,0x00000000d9200000)
  from space 9728K, 94% used [0x00000000d9d00000,0x00000000da5f1870,0x00000000da680000)
  to   space 11264K, 0% used [0x00000000d9200000,0x00000000d9200000,0x00000000d9d00000)
 ParOldGen       total 84992K, used 6100K [0x0000000080000000, 0x0000000085300000, 0x00000000d5580000)
  object space 84992K, 7% used [0x0000000080000000,0x00000000805f5050,0x0000000085300000)
 Metaspace       used 20516K, capacity 21214K, committed 21296K, reserved 1067008K
  class space    used 2883K, capacity 3093K, committed 3120K, reserved 1048576K
Event: 7.466 GC heap after
Heap after GC invocations=7 (full 0):
 PSYoungGen      total 73216K, used 5195K [0x00000000d5580000, 0x00000000da980000, 0x0000000100000000)
  eden space 61952K, 0% used [0x00000000d5580000,0x00000000d5580000,0x00000000d9200000)
  from space 11264K, 46% used [0x00000000d9200000,0x00000000d9712e08,0x00000000d9d00000)
  to   space 9728K, 0% used [0x00000000d9d00000,0x00000000d9d00000,0x00000000da680000)
 ParOldGen       total 84992K, used 8408K [0x0000000080000000, 0x0000000085300000, 0x00000000d5580000)
  object space 84992K, 9% used [0x0000000080000000,0x00000000808360b0,0x0000000085300000)
 Metaspace       used 20516K, capacity 21214K, committed 21296K, reserved 1067008K
  class space    used 2883K, capacity 3093K, committed 3120K, reserved 1048576K
}
Event: 7.466 GC heap before
{Heap before GC invocations=8 (full 1):
 PSYoungGen      total 73216K, used 5195K [0x00000000d5580000, 0x00000000da980000, 0x0000000100000000)
  eden space 61952K, 0% used [0x00000000d5580000,0x00000000d5580000,0x00000000d9200000)
  from space 11264K, 46% used [0x00000000d9200000,0x00000000d9712e08,0x00000000d9d00000)
  to   space 9728K, 0% used [0x00000000d9d00000,0x00000000d9d00000,0x00000000da680000)
 ParOldGen       total 84992K, used 8408K [0x0000000080000000, 0x0000000085300000, 0x00000000d5580000)
  object space 84992K, 9% used [0x0000000080000000,0x00000000808360b0,0x0000000085300000)
 Metaspace       used 20516K, capacity 21214K, committed 21296K, reserved 1067008K
  class space    used 2883K, capacity 3093K, committed 3120K, reserved 1048576K
Event: 7.539 GC heap after
Heap after GC invocations=8 (full 1):
 PSYoungGen      total 73216K, used 0K [0x00000000d5580000, 0x00000000da980000, 0x0000000100000000)
  eden space 61952K, 0% used [0x00000000d5580000,0x00000000d5580000,0x00000000d9200000)
  from space 11264K, 0% used [0x00000000d9200000,0x00000000d9200000,0x00000000d9d00000)
  to   space 9728K, 0% used [0x00000000d9d00000,0x00000000d9d00000,0x00000000da680000)
 ParOldGen       total 56320K, used 8058K [0x0000000080000000, 0x0000000083700000, 0x00000000d5580000)
  object space 56320K, 14% used [0x0000000080000000,0x00000000807deb38,0x0000000083700000)
 Metaspace       used 20516K, capacity 21214K, committed 21296K, reserved 1067008K
  class space    used 2883K, capacity 3093K, committed 3120K, reserved 1048576K
}
Event: 8.997 GC heap before
{Heap before GC invocations=9 (full 1):
 PSYoungGen      total 73216K, used 61952K [0x00000000d5580000, 0x00000000da980000, 0x0000000100000000)
  eden space 61952K, 100% used [0x00000000d5580000,0x00000000d9200000,0x00000000d9200000)
  from space 11264K, 0% used [0x00000000d9200000,0x00000000d9200000,0x00000000d9d00000)
  to   space 9728K, 0% used [0x00000000d9d00000,0x00000000d9d00000,0x00000000da680000)
 ParOldGen       total 56320K, used 8058K [0x0000000080000000, 0x0000000083700000, 0x00000000d5580000)
  object space 56320K, 14% used [0x0000000080000000,0x00000000807deb38,0x0000000083700000)
 Metaspace       used 27994K, capacity 28736K, committed 28976K, reserved 1075200K
  class space    used 3866K, capacity 4103K, committed 4144K, reserved 1048576K
Event: 9.007 GC heap after
Heap after GC invocations=9 (full 1):
 PSYoungGen      total 71680K, used 7716K [0x00000000d5580000, 0x00000000da980000, 0x0000000100000000)
  eden space 61952K, 0% used [0x00000000d5580000,0x00000000d5580000,0x00000000d9200000)
  from space 9728K, 79% used [0x00000000d9d00000,0x00000000da489028,0x00000000da680000)
  to   space 11264K, 0% used [0x00000000d9200000,0x00000000d9200000,0x00000000d9d00000)
 ParOldGen       total 56320K, used 8066K [0x0000000080000000, 0x0000000083700000, 0x00000000d5580000)
  object space 56320K, 14% used [0x0000000080000000,0x00000000807e0b38,0x0000000083700000)
 Metaspace       used 27994K, capacity 28736K, committed 28976K, reserved 1075200K
  class space    used 3866K, capacity 4103K, committed 4144K, reserved 1048576K
}

