# JRE version: OpenJDK Runtime Environment (8.0_242-b01) (build 1.8.0_242-release-1644-b01)
# Java VM: OpenJDK 64-Bit Server VM (25.242-b01 mixed mode windows-amd64 compressed oops)
Heap:
 PSYoungGen      total 98304K, used 13903K [0x00000000d5580000, 0x00000000dc300000, 0x0000000100000000)
  eden space 86528K, 16% used [0x00000000d5580000,0x00000000d6313fa8,0x00000000daa00000)
  from space 11776K, 0% used [0x00000000db780000,0x00000000db780000,0x00000000dc300000)
  to   space 12800K, 0% used [0x00000000daa00000,0x00000000daa00000,0x00000000db680000)
 ParOldGen       total 96768K, used 16042K [0x0000000080000000, 0x0000000085e80000, 0x00000000d5580000)
  object space 96768K, 16% used [0x0000000080000000,0x0000000080faa870,0x0000000085e80000)
 Metaspace       used 34975K, capacity 36000K, committed 36144K, reserved 1081344K
  class space    used 4792K, capacity 5063K, committed 5168K, reserved 1048576K
GC Heap History (10 events):
Event: 3.666 GC heap before
{Heap before GC invocations=6 (full 1):
 PSYoungGen      total 68608K, used 5088K [0x00000000d5580000, 0x00000000d9d80000, 0x0000000100000000)
  eden space 63488K, 0% used [0x00000000d5580000,0x00000000d5580000,0x00000000d9380000)
  from space 5120K, 99% used [0x00000000d9380000,0x00000000d9878030,0x00000000d9880000)
  to   space 5120K, 0% used [0x00000000d9880000,0x00000000d9880000,0x00000000d9d80000)
 ParOldGen       total 84992K, used 11384K [0x0000000080000000, 0x0000000085300000, 0x00000000d5580000)
  object space 84992K, 13% used [0x0000000080000000,0x0000000080b1e020,0x0000000085300000)
 Metaspace       used 20652K, capacity 21252K, committed 21296K, reserved 1067008K
  class space    used 2894K, capacity 3116K, committed 3120K, reserved 1048576K
Event: 3.720 GC heap after
Heap after GC invocations=6 (full 1):
 PSYoungGen      total 68608K, used 0K [0x00000000d5580000, 0x00000000d9d80000, 0x0000000100000000)
  eden space 63488K, 0% used [0x00000000d5580000,0x00000000d5580000,0x00000000d9380000)
  from space 5120K, 0% used [0x00000000d9380000,0x00000000d9380000,0x00000000d9880000)
  to   space 5120K, 0% used [0x00000000d9880000,0x00000000d9880000,0x00000000d9d80000)
 ParOldGen       total 60928K, used 7726K [0x0000000080000000, 0x0000000083b80000, 0x00000000d5580000)
  object space 60928K, 12% used [0x0000000080000000,0x000000008078b998,0x0000000083b80000)
 Metaspace       used 20652K, capacity 21252K, committed 21296K, reserved 1067008K
  class space    used 2894K, capacity 3116K, committed 3120K, reserved 1048576K
}
Event: 5.012 GC heap before
{Heap before GC invocations=7 (full 1):
 PSYoungGen      total 68608K, used 63488K [0x00000000d5580000, 0x00000000d9d80000, 0x0000000100000000)
  eden space 63488K, 100% used [0x00000000d5580000,0x00000000d9380000,0x00000000d9380000)
  from space 5120K, 0% used [0x00000000d9380000,0x00000000d9380000,0x00000000d9880000)
  to   space 5120K, 0% used [0x00000000d9880000,0x00000000d9880000,0x00000000d9d80000)
 ParOldGen       total 60928K, used 7726K [0x0000000080000000, 0x0000000083b80000, 0x00000000d5580000)
  object space 60928K, 12% used [0x0000000080000000,0x000000008078b998,0x0000000083b80000)
 Metaspace       used 28218K, capacity 28908K, committed 29232K, reserved 1075200K
  class space    used 3890K, capacity 4127K, committed 4144K, reserved 1048576K
Event: 5.024 GC heap after
Heap after GC invocations=7 (full 1):
 PSYoungGen      total 61440K, used 5117K [0x00000000d5580000, 0x00000000dcb80000, 0x0000000100000000)
  eden space 56320K, 0% used [0x00000000d5580000,0x00000000d5580000,0x00000000d8c80000)
  from space 5120K, 99% used [0x00000000d9880000,0x00000000d9d7f4a0,0x00000000d9d80000)
  to   space 12288K, 0% used [0x00000000d8c80000,0x00000000d8c80000,0x00000000d9880000)
 ParOldGen       total 60928K, used 10545K [0x0000000080000000, 0x0000000083b80000, 0x00000000d5580000)
  object space 60928K, 17% used [0x0000000080000000,0x0000000080a4c610,0x0000000083b80000)
 Metaspace       used 28218K, capacity 28908K, committed 29232K, reserved 1075200K
  class space    used 3890K, capacity 4127K, committed 4144K, reserved 1048576K
}
Event: 6.326 GC heap before
{Heap before GC invocations=8 (full 1):
 PSYoungGen      total 61440K, used 61437K [0x00000000d5580000, 0x00000000dcb80000, 0x0000000100000000)
  eden space 56320K, 100% used [0x00000000d5580000,0x00000000d8c80000,0x00000000d8c80000)
  from space 5120K, 99% used [0x00000000d9880000,0x00000000d9d7f4a0,0x00000000d9d80000)
  to   space 12288K, 0% used [0x00000000d8c80000,0x00000000d8c80000,0x00000000d9880000)
 ParOldGen       total 60928K, used 10545K [0x0000000080000000, 0x0000000083b80000, 0x00000000d5580000)
  object space 60928K, 17% used [0x0000000080000000,0x0000000080a4c610,0x0000000083b80000)
 Metaspace       used 31804K, capacity 32524K, committed 32816K, reserved 1077248K
  class space    used 4317K, capacity 4542K, committed 4656K, reserved 1048576K
Event: 6.363 GC heap after
Heap after GC invocations=8 (full 1):
 PSYoungGen      total 68608K, used 8279K [0x00000000d5580000, 0x00000000dc380000, 0x0000000100000000)
  eden space 56320K, 0% used [0x00000000d5580000,0x00000000d5580000,0x00000000d8c80000)
  from space 12288K, 67% used [0x00000000d8c80000,0x00000000d9495f90,0x00000000d9880000)
  to   space 12288K, 0% used [0x00000000db780000,0x00000000db780000,0x00000000dc380000)
 ParOldGen       total 60928K, used 10553K [0x0000000080000000, 0x0000000083b80000, 0x00000000d5580000)
  object space 60928K, 17% used [0x0000000080000000,0x0000000080a4e610,0x0000000083b80000)
 Metaspace       used 31804K, capacity 32524K, committed 32816K, reserved 1077248K
  class space    used 4317K, capacity 4542K, committed 4656K, reserved 1048576K
}
Event: 7.860 GC heap before
{Heap before GC invocations=9 (full 1):
 PSYoungGen      total 68608K, used 62715K [0x00000000d5580000, 0x00000000dc380000, 0x0000000100000000)
  eden space 56320K, 96% used [0x00000000d5580000,0x00000000d8aa8cb8,0x00000000d8c80000)
  from space 12288K, 67% used [0x00000000d8c80000,0x00000000d9495f90,0x00000000d9880000)
  to   space 12288K, 0% used [0x00000000db780000,0x00000000db780000,0x00000000dc380000)
 ParOldGen       total 60928K, used 10553K [0x0000000080000000, 0x0000000083b80000, 0x00000000d5580000)
  object space 60928K, 17% used [0x0000000080000000,0x0000000080a4e610,0x0000000083b80000)
 Metaspace       used 34436K, capacity 35338K, committed 35496K, reserved 1079296K
  class space    used 4717K, capacity 4934K, committed 5040K, reserved 1048576K
Event: 7.878 GC heap after
Heap after GC invocations=9 (full 1):
 PSYoungGen      total 98304K, used 9468K [0x00000000d5580000, 0x00000000dc300000, 0x0000000100000000)
  eden space 86528K, 0% used [0x00000000d5580000,0x00000000d5580000,0x00000000daa00000)
  from space 11776K, 80% used [0x00000000db780000,0x00000000dc0bf168,0x00000000dc300000)
  to   space 12800K, 0% used [0x00000000daa00000,0x00000000daa00000,0x00000000db680000)
 ParOldGen       total 60928K, used 10561K [0x0000000080000000, 0x0000000083b80000, 0x00000000d5580000)
  object space 60928K, 17% used [0x0000000080000000,0x0000000080a50610,0x0000000083b80000)
 Metaspace       used 34436K, capacity 35338K, committed 35496K, reserved 1079296K
  class space    used 4717K, capacity 4934K, committed 5040K, reserved 1048576K
}
Event: 7.878 GC heap before
{Heap before GC invocations=10 (full 2):
 PSYoungGen      total 98304K, used 9468K [0x00000000d5580000, 0x00000000dc300000, 0x0000000100000000)
  eden space 86528K, 0% used [0x00000000d5580000,0x00000000d5580000,0x00000000daa00000)
  from space 11776K, 80% used [0x00000000db780000,0x00000000dc0bf168,0x00000000dc300000)
  to   space 12800K, 0% used [0x00000000daa00000,0x00000000daa00000,0x00000000db680000)
 ParOldGen       total 60928K, used 10561K [0x0000000080000000, 0x0000000083b80000, 0x00000000d5580000)
  object space 60928K, 17% used [0x0000000080000000,0x0000000080a50610,0x0000000083b80000)
 Metaspace       used 34436K, capacity 35338K, committed 35496K, reserved 1079296K
  class space    used 4717K, capacity 4934K, committed 5040K, reserved 1048576K
Event: 8.016 GC heap after
Heap after GC invocations=10 (full 2):
 PSYoungGen      total 98304K, used 0K [0x00000000d5580000, 0x00000000dc300000, 0x0000000100000000)
  eden space 86528K, 0% used [0x00000000d5580000,0x00000000d5580000,0x00000000daa00000)
  from space 11776K, 0% used [0x00000000db780000,0x00000000db780000,0x00000000dc300000)
  to   space 12800K, 0% used [0x00000000daa00000,0x00000000daa00000,0x00000000db680000)
 ParOldGen       total 96768K, used 16042K [0x0000000080000000, 0x0000000085e80000, 0x00000000d5580000)
  object space 96768K, 16% used [0x0000000080000000,0x0000000080faa870,0x0000000085e80000)
 Metaspace       used 34436K, capacity 35338K, committed 35496K, reserved 1079296K
  class space    used 4717K, capacity 4934K, committed 5040K, reserved 1048576K
}

